<?xml version="1.0" encoding="UTF-8" ?>
<testsuite errors="0" failures="0" hostname="CHILENO.local" name="com.mplanner.MatchServiceSpec" tests="1" time="0.091" timestamp="2015-06-17T16:10:46">
  <properties />
  <testcase classname="com.mplanner.MatchServiceSpec" name="test something" time="0.084" />
  <system-out><![CDATA[--Output from test something--
]]></system-out>
  <system-err><![CDATA[--Output from test something--
]]></system-err>
</testsuite>
