<?xml version="1.0" encoding="UTF-8" ?>
<testsuite errors="0" failures="0" hostname="CHILENO.local" name="com.mplanner.EventSpec" tests="1" time="2.241" timestamp="2015-06-17T16:10:42">
  <properties />
  <testcase classname="com.mplanner.EventSpec" name="test something" time="2.185" />
  <system-out><![CDATA[--Output from test something--
]]></system-out>
  <system-err><![CDATA[--Output from test something--
]]></system-err>
</testsuite>
