<?xml version="1.0" encoding="UTF-8" ?>
<testsuite errors="0" failures="0" hostname="CHILENO.local" name="com.mplanner.MatchControllerSpec" tests="1" time="1.35" timestamp="2015-06-17T16:10:45">
  <properties />
  <testcase classname="com.mplanner.MatchControllerSpec" name="test something" time="1.339" />
  <system-out><![CDATA[--Output from test something--
]]></system-out>
  <system-err><![CDATA[--Output from test something--
]]></system-err>
</testsuite>
